app/build/intermediates/manifest_merge_blame_file/debug/manifest-merger-blame-debug-report.txt
1<?xml version="1.0" encoding="utf-8"?>
2<manifest xmlns:android="http://schemas.android.com/apk/res/android"
3    package="com.example.damtr1g6"
4    android:versionCode="1"
5    android:versionName="1.0" >
6
7    <uses-sdk
8        android:minSdkVersion="24"
8-->src\main\AndroidManifest.xml
9        android:targetSdkVersion="34" />
9-->src\main\AndroidManifest.xml
10
11    <uses-permission android:name="android.permission.INTERNET" />
11-->src\main\AndroidManifest.xml:5:5-67
11-->src\main\AndroidManifest.xml:5:22-64
12
13    <permission
13-->[androidx.core:core:1.9.0] AndroidManifest.xml:22:5-24:47
14        android:name="com.example.damtr1g6.DYNAMIC_RECEIVER_NOT_EXPORTED_PERMISSION"
14-->[androidx.core:core:1.9.0] AndroidManifest.xml:23:9-81
15        android:protectionLevel="signature" />
15-->[androidx.core:core:1.9.0] AndroidManifest.xml:24:9-44
16
17    <uses-permission android:name="com.example.damtr1g6.DYNAMIC_RECEIVER_NOT_EXPORTED_PERMISSION" />
17-->[androidx.core:core:1.9.0] AndroidManifest.xml:26:5-97
17-->[androidx.core:core:1.9.0] AndroidManifest.xml:26:22-94
18
19    <application
19-->src\main\AndroidManifest.xml:7:5-47:19
20        android:allowBackup="true"
20-->src\main\AndroidManifest.xml:8:9-35
21        android:appComponentFactory="androidx.core.app.CoreComponentFactory"
21-->[androidx.core:core:1.9.0] AndroidManifest.xml:28:18-86
22        android:dataExtractionRules="@xml/data_extraction_rules"
22-->src\main\AndroidManifest.xml:9:9-65
23        android:debuggable="true"
24        android:extractNativeLibs="false"
25        android:fullBackupContent="@xml/backup_rules"
25-->src\main\AndroidManifest.xml:10:9-54
26        android:icon="@drawable/logo"
26-->src\main\AndroidManifest.xml:11:9-38
27        android:label="@string/app_name"
27-->src\main\AndroidManifest.xml:12:9-41
28        android:supportsRtl="true"
28-->src\main\AndroidManifest.xml:13:9-35
29        android:testOnly="true"
30        android:theme="@style/Theme.DAMTR1G6"
30-->src\main\AndroidManifest.xml:14:9-46
31        android:usesCleartextTraffic="true" >
31-->src\main\AndroidManifest.xml:15:9-44
32        <activity
32-->src\main\AndroidManifest.xml:17:9-19:40
33            android:name="com.example.damtr1g6.LastOrder"
33-->src\main\AndroidManifest.xml:18:13-38
34            android:exported="false" />
34-->src\main\AndroidManifest.xml:19:13-37
35        <activity
35-->src\main\AndroidManifest.xml:20:9-22:40
36            android:name="com.example.damtr1g6.Comanda"
36-->src\main\AndroidManifest.xml:21:13-36
37            android:exported="false" />
37-->src\main\AndroidManifest.xml:22:13-37
38        <activity
38-->src\main\AndroidManifest.xml:23:9-25:40
39            android:name="com.example.damtr1g6.ProductDetailActivity"
39-->src\main\AndroidManifest.xml:24:13-50
40            android:exported="false" />
40-->src\main\AndroidManifest.xml:25:13-37
41        <activity
41-->src\main\AndroidManifest.xml:26:9-28:40
42            android:name="com.example.damtr1g6.Perfil"
42-->src\main\AndroidManifest.xml:27:13-35
43            android:exported="false" />
43-->src\main\AndroidManifest.xml:28:13-37
44        <activity
44-->src\main\AndroidManifest.xml:29:9-31:40
45            android:name="com.example.damtr1g6.Carrito"
45-->src\main\AndroidManifest.xml:30:13-36
46            android:exported="false" />
46-->src\main\AndroidManifest.xml:31:13-37
47        <activity
47-->src\main\AndroidManifest.xml:32:9-34:40
48            android:name="com.example.damtr1g6.Register"
48-->src\main\AndroidManifest.xml:33:13-37
49            android:exported="false" />
49-->src\main\AndroidManifest.xml:34:13-37
50        <activity
50-->src\main\AndroidManifest.xml:35:9-37:40
51            android:name="com.example.damtr1g6.MainActivity"
51-->src\main\AndroidManifest.xml:36:13-41
52            android:exported="false" />
52-->src\main\AndroidManifest.xml:37:13-37
53        <activity
53-->src\main\AndroidManifest.xml:38:9-46:20
54            android:name="com.example.damtr1g6.Login"
54-->src\main\AndroidManifest.xml:39:13-34
55            android:exported="true" >
55-->src\main\AndroidManifest.xml:40:13-36
56            <intent-filter>
56-->src\main\AndroidManifest.xml:41:13-45:29
57                <action android:name="android.intent.action.MAIN" />
57-->src\main\AndroidManifest.xml:42:17-69
57-->src\main\AndroidManifest.xml:42:25-66
58
59                <category android:name="android.intent.category.LAUNCHER" />
59-->src\main\AndroidManifest.xml:44:17-77
59-->src\main\AndroidManifest.xml:44:27-74
60            </intent-filter>
61        </activity>
62
63        <provider
63-->[com.squareup.picasso:picasso:2.71828] AndroidManifest.xml:8:9-11:40
64            android:name="com.squareup.picasso.PicassoProvider"
64-->[com.squareup.picasso:picasso:2.71828] AndroidManifest.xml:9:13-64
65            android:authorities="com.example.damtr1g6.com.squareup.picasso"
65-->[com.squareup.picasso:picasso:2.71828] AndroidManifest.xml:10:13-72
66            android:exported="false" />
66-->[com.squareup.picasso:picasso:2.71828] AndroidManifest.xml:11:13-37
67        <provider
67-->[androidx.emoji2:emoji2:1.2.0] AndroidManifest.xml:24:9-32:20
68            android:name="androidx.startup.InitializationProvider"
68-->[androidx.emoji2:emoji2:1.2.0] AndroidManifest.xml:25:13-67
69            android:authorities="com.example.damtr1g6.androidx-startup"
69-->[androidx.emoji2:emoji2:1.2.0] AndroidManifest.xml:26:13-68
70            android:exported="false" >
70-->[androidx.emoji2:emoji2:1.2.0] AndroidManifest.xml:27:13-37
71            <meta-data
71-->[androidx.emoji2:emoji2:1.2.0] AndroidManifest.xml:29:13-31:52
72                android:name="androidx.emoji2.text.EmojiCompatInitializer"
72-->[androidx.emoji2:emoji2:1.2.0] AndroidManifest.xml:30:17-75
73                android:value="androidx.startup" />
73-->[androidx.emoji2:emoji2:1.2.0] AndroidManifest.xml:31:17-49
74            <meta-data
74-->[androidx.lifecycle:lifecycle-process:2.6.2] AndroidManifest.xml:29:13-31:52
75                android:name="androidx.lifecycle.ProcessLifecycleInitializer"
75-->[androidx.lifecycle:lifecycle-process:2.6.2] AndroidManifest.xml:30:17-78
76                android:value="androidx.startup" />
76-->[androidx.lifecycle:lifecycle-process:2.6.2] AndroidManifest.xml:31:17-49
77            <meta-data
77-->[androidx.profileinstaller:profileinstaller:1.3.0] AndroidManifest.xml:29:13-31:52
78                android:name="androidx.profileinstaller.ProfileInstallerInitializer"
78-->[androidx.profileinstaller:profileinstaller:1.3.0] AndroidManifest.xml:30:17-85
79                android:value="androidx.startup" />
79-->[androidx.profileinstaller:profileinstaller:1.3.0] AndroidManifest.xml:31:17-49
80        </provider>
81
82        <uses-library
82-->[androidx.window:window:1.0.0] AndroidManifest.xml:25:9-27:40
83            android:name="androidx.window.extensions"
83-->[androidx.window:window:1.0.0] AndroidManifest.xml:26:13-54
84            android:required="false" />
84-->[androidx.window:window:1.0.0] AndroidManifest.xml:27:13-37
85        <uses-library
85-->[androidx.window:window:1.0.0] AndroidManifest.xml:28:9-30:40
86            android:name="androidx.window.sidecar"
86-->[androidx.window:window:1.0.0] AndroidManifest.xml:29:13-51
87            android:required="false" />
87-->[androidx.window:window:1.0.0] AndroidManifest.xml:30:13-37
88
89        <receiver
89-->[androidx.profileinstaller:profileinstaller:1.3.0] AndroidManifest.xml:34:9-52:20
90            android:name="androidx.profileinstaller.ProfileInstallReceiver"
90-->[androidx.profileinstaller:profileinstaller:1.3.0] AndroidManifest.xml:35:13-76
91            android:directBootAware="false"
91-->[androidx.profileinstaller:profileinstaller:1.3.0] AndroidManifest.xml:36:13-44
92            android:enabled="true"
92-->[androidx.profileinstaller:profileinstaller:1.3.0] AndroidManifest.xml:37:13-35
93            android:exported="true"
93-->[androidx.profileinstaller:profileinstaller:1.3.0] AndroidManifest.xml:38:13-36
94            android:permission="android.permission.DUMP" >
94-->[androidx.profileinstaller:profileinstaller:1.3.0] AndroidManifest.xml:39:13-57
95            <intent-filter>
95-->[androidx.profileinstaller:profileinstaller:1.3.0] AndroidManifest.xml:40:13-42:29
96                <action android:name="androidx.profileinstaller.action.INSTALL_PROFILE" />
96-->[androidx.profileinstaller:profileinstaller:1.3.0] AndroidManifest.xml:41:17-91
96-->[androidx.profileinstaller:profileinstaller:1.3.0] AndroidManifest.xml:41:25-88
97            </intent-filter>
98            <intent-filter>
98-->[androidx.profileinstaller:profileinstaller:1.3.0] AndroidManifest.xml:43:13-45:29
99                <action android:name="androidx.profileinstaller.action.SKIP_FILE" />
99-->[androidx.profileinstaller:profileinstaller:1.3.0] AndroidManifest.xml:44:17-85
99-->[androidx.profileinstaller:profileinstaller:1.3.0] AndroidManifest.xml:44:25-82
100            </intent-filter>
101            <intent-filter>
101-->[androidx.profileinstaller:profileinstaller:1.3.0] AndroidManifest.xml:46:13-48:29
102                <action android:name="androidx.profileinstaller.action.SAVE_PROFILE" />
102-->[androidx.profileinstaller:profileinstaller:1.3.0] AndroidManifest.xml:47:17-88
102-->[androidx.profileinstaller:profileinstaller:1.3.0] AndroidManifest.xml:47:25-85
103            </intent-filter>
104            <intent-filter>
104-->[androidx.profileinstaller:profileinstaller:1.3.0] AndroidManifest.xml:49:13-51:29
105                <action android:name="androidx.profileinstaller.action.BENCHMARK_OPERATION" />
105-->[androidx.profileinstaller:profileinstaller:1.3.0] AndroidManifest.xml:50:17-95
105-->[androidx.profileinstaller:profileinstaller:1.3.0] AndroidManifest.xml:50:25-92
106            </intent-filter>
107        </receiver>
108    </application>
109
110</manifest>